{"E:\\Dev\\Temp Repos\\Superformula - Nodejs Challenge\\cloud-backend-test\\src\\dataSources\\datasources.ts": {"path":"E:\\Dev\\Temp Repos\\Superformula - Nodejs Challenge\\cloud-backend-test\\src\\dataSources\\datasources.ts","statementMap":{"0":{"start":{"line":1,"column":0},"end":{"line":1,"column":31}},"1":{"start":{"line":2,"column":0},"end":{"line":2,"column":62}},"2":{"start":{"line":4,"column":27},"end":{"line":6,"column":2}},"3":{"start":{"line":4,"column":34},"end":{"line":6,"column":2}},"4":{"start":{"line":4,"column":13},"end":{"line":4,"column":27}}},"fnMap":{"0":{"name":"(anonymous_1)","decl":{"start":{"line":4,"column":27},"end":{"line":4,"column":30}},"loc":{"start":{"line":4,"column":34},"end":{"line":6,"column":2}}}},"branchMap":{},"s":{"0":1,"1":1,"2":1,"3":2,"4":1},"f":{"0":2},"b":{}}
,"E:\\Dev\\Temp Repos\\Superformula - Nodejs Challenge\\cloud-backend-test\\src\\resolvers\\resolvers.ts": {"path":"E:\\Dev\\Temp Repos\\Superformula - Nodejs Challenge\\cloud-backend-test\\src\\resolvers\\resolvers.ts","statementMap":{"0":{"start":{"line":1,"column":0},"end":{"line":1,"column":57}},"1":{"start":{"line":2,"column":0},"end":{"line":2,"column":55}},"2":{"start":{"line":4,"column":27},"end":{"line":10,"column":null}},"3":{"start":{"line":6,"column":8},"end":{"line":8,"column":23}},"4":{"start":{"line":12,"column":14},"end":{"line":12,"column":36}},"5":{"start":{"line":14,"column":13},"end":{"line":19,"column":null}}},"fnMap":{"0":{"name":"(anonymous_0)","decl":{"start":{"line":5,"column":4},"end":{"line":5,"column":17}},"loc":{"start":{"line":5,"column":26},"end":{"line":9,"column":5}}}},"branchMap":{"0":{"loc":{"start":{"line":6,"column":15},"end":{"line":8,"column":22}},"type":"cond-expr","locations":[{"start":{"line":7,"column":9},"end":{"line":7,"column":16}},{"start":{"line":8,"column":9},"end":{"line":8,"column":22}}]}},"s":{"0":1,"1":1,"2":1,"3":2,"4":1,"5":1},"f":{"0":2},"b":{"0":[1,1]}}
,"E:\\Dev\\Temp Repos\\Superformula - Nodejs Challenge\\cloud-backend-test\\src\\resolvers\\coordinates\\query.ts": {"path":"E:\\Dev\\Temp Repos\\Superformula - Nodejs Challenge\\cloud-backend-test\\src\\resolvers\\coordinates\\query.ts","statementMap":{"0":{"start":{"line":3,"column":8},"end":{"line":3,"column":78}},"1":{"start":{"line":1,"column":0},"end":{"line":1,"column":13}}},"fnMap":{"0":{"name":"(anonymous_0)","decl":{"start":{"line":2,"column":11},"end":{"line":2,"column":16}},"loc":{"start":{"line":2,"column":85},"end":{"line":4,"column":5}}}},"branchMap":{},"s":{"0":2,"1":1},"f":{"0":2},"b":{}}
,"E:\\Dev\\Temp Repos\\Superformula - Nodejs Challenge\\cloud-backend-test\\src\\schema\\customScalars.ts": {"path":"E:\\Dev\\Temp Repos\\Superformula - Nodejs Challenge\\cloud-backend-test\\src\\schema\\customScalars.ts","statementMap":{"0":{"start":{"line":1,"column":0},"end":{"line":1,"column":44}},"1":{"start":{"line":4,"column":13},"end":{"line":28,"column":5}},"2":{"start":{"line":8,"column":6},"end":{"line":10,"column":null}},"3":{"start":{"line":9,"column":8},"end":{"line":9,"column":77}},"4":{"start":{"line":11,"column":6},"end":{"line":13,"column":null}},"5":{"start":{"line":12,"column":8},"end":{"line":12,"column":80}},"6":{"start":{"line":15,"column":6},"end":{"line":15,"column":null}},"7":{"start":{"line":18,"column":8},"end":{"line":20,"column":null}},"8":{"start":{"line":19,"column":10},"end":{"line":19,"column":79}},"9":{"start":{"line":21,"column":8},"end":{"line":23,"column":null}},"10":{"start":{"line":22,"column":10},"end":{"line":22,"column":82}},"11":{"start":{"line":25,"column":6},"end":{"line":25,"column":null}}},"fnMap":{"0":{"name":"(anonymous_0)","decl":{"start":{"line":7,"column":15},"end":{"line":7,"column":16}},"loc":{"start":{"line":7,"column":42},"end":{"line":16,"column":5}}},"1":{"name":"(anonymous_1)","decl":{"start":{"line":17,"column":16},"end":{"line":17,"column":17}},"loc":{"start":{"line":17,"column":43},"end":{"line":26,"column":5}}}},"branchMap":{"0":{"loc":{"start":{"line":8,"column":6},"end":{"line":10,"column":null}},"type":"if","locations":[{"start":{"line":8,"column":6},"end":{"line":10,"column":null}}]},"1":{"loc":{"start":{"line":11,"column":6},"end":{"line":13,"column":null}},"type":"if","locations":[{"start":{"line":11,"column":6},"end":{"line":13,"column":null}}]},"2":{"loc":{"start":{"line":18,"column":8},"end":{"line":20,"column":null}},"type":"if","locations":[{"start":{"line":18,"column":8},"end":{"line":20,"column":null}}]},"3":{"loc":{"start":{"line":21,"column":8},"end":{"line":23,"column":null}},"type":"if","locations":[{"start":{"line":21,"column":8},"end":{"line":23,"column":null}}]}},"s":{"0":2,"1":2,"2":3,"3":1,"4":2,"5":1,"6":1,"7":7,"8":1,"9":6,"10":1,"11":5},"f":{"0":3,"1":7},"b":{"0":[1],"1":[1],"2":[1],"3":[1]}}
,"E:\\Dev\\Temp Repos\\Superformula - Nodejs Challenge\\cloud-backend-test\\src\\schema\\schema.ts": {"path":"E:\\Dev\\Temp Repos\\Superformula - Nodejs Challenge\\cloud-backend-test\\src\\schema\\schema.ts","statementMap":{"0":{"start":{"line":1,"column":0},"end":{"line":1,"column":24}},"1":{"start":{"line":2,"column":0},"end":{"line":2,"column":32}},"2":{"start":{"line":3,"column":0},"end":{"line":3,"column":33}},"3":{"start":{"line":5,"column":15},"end":{"line":5,"column":69}},"4":{"start":{"line":6,"column":13},"end":{"line":8,"column":null}}},"fnMap":{},"branchMap":{},"s":{"0":1,"1":1,"2":1,"3":1,"4":1},"f":{},"b":{}}
,"E:\\Dev\\Temp Repos\\Superformula - Nodejs Challenge\\cloud-backend-test\\src\\services\\locationService.ts": {"path":"E:\\Dev\\Temp Repos\\Superformula - Nodejs Challenge\\cloud-backend-test\\src\\services\\locationService.ts","statementMap":{"0":{"start":{"line":1,"column":0},"end":{"line":1,"column":55}},"1":{"start":{"line":2,"column":0},"end":{"line":2,"column":67}},"2":{"start":{"line":3,"column":0},"end":{"line":3,"column":45}},"3":{"start":{"line":5,"column":0},"end":{"line":5,"column":33}},"4":{"start":{"line":6,"column":0},"end":{"line":6,"column":39}},"5":{"start":{"line":9,"column":0},"end":{"line":52,"column":null}},"6":{"start":{"line":11,"column":8},"end":{"line":11,"column":16}},"7":{"start":{"line":10,"column":24},"end":{"line":10,"column":38}},"8":{"start":{"line":10,"column":54},"end":{"line":10,"column":62}},"9":{"start":{"line":15,"column":8},"end":{"line":15,"column":92}},"10":{"start":{"line":16,"column":8},"end":{"line":49,"column":null}},"11":{"start":{"line":17,"column":25},"end":{"line":20,"column":14}},"12":{"start":{"line":22,"column":12},"end":{"line":22,"column":75}},"13":{"start":{"line":24,"column":27},"end":{"line":24,"column":68}},"14":{"start":{"line":26,"column":12},"end":{"line":26,"column":73}},"15":{"start":{"line":28,"column":12},"end":{"line":45,"column":null}},"16":{"start":{"line":29,"column":37},"end":{"line":29,"column":79}},"17":{"start":{"line":31,"column":16},"end":{"line":31,"column":112}},"18":{"start":{"line":33,"column":16},"end":{"line":36,"column":null}},"19":{"start":{"line":39,"column":16},"end":{"line":39,"column":84}},"20":{"start":{"line":41,"column":16},"end":{"line":44,"column":null}},"21":{"start":{"line":9,"column":13},"end":{"line":52,"column":null}},"22":{"start":{"line":9,"column":13},"end":{"line":9,"column":28}}},"fnMap":{"0":{"name":"(anonymous_3)","decl":{"start":{"line":10,"column":4},"end":{"line":10,"column":24}},"loc":{"start":{"line":10,"column":68},"end":{"line":12,"column":5}}},"1":{"name":"(anonymous_4)","decl":{"start":{"line":14,"column":11},"end":{"line":14,"column":16}},"loc":{"start":{"line":14,"column":47},"end":{"line":51,"column":5}}}},"branchMap":{"0":{"loc":{"start":{"line":28,"column":12},"end":{"line":45,"column":null}},"type":"if","locations":[{"start":{"line":28,"column":12},"end":{"line":45,"column":null}},{"start":{"line":38,"column":16},"end":{"line":45,"column":null}}]},"1":{"loc":{"start":{"line":28,"column":15},"end":{"line":28,"column":112}},"type":"binary-expr","locations":[{"start":{"line":28,"column":15},"end":{"line":28,"column":38}},{"start":{"line":28,"column":42},"end":{"line":28,"column":75}},{"start":{"line":28,"column":79},"end":{"line":28,"column":112}}]}},"s":{"0":2,"1":2,"2":2,"3":2,"4":2,"5":2,"6":5,"7":5,"8":5,"9":6,"10":6,"11":6,"12":6,"13":6,"14":6,"15":6,"16":2,"17":2,"18":2,"19":4,"20":4,"21":2,"22":2},"f":{"0":5,"1":6},"b":{"0":[2,4],"1":[6,5,3]}}
,"E:\\Dev\\Temp Repos\\Superformula - Nodejs Challenge\\cloud-backend-test\\src\\utils\\helpers.ts": {"path":"E:\\Dev\\Temp Repos\\Superformula - Nodejs Challenge\\cloud-backend-test\\src\\utils\\helpers.ts","statementMap":{"0":{"start":{"line":1,"column":0},"end":{"line":1,"column":55}},"1":{"start":{"line":2,"column":0},"end":{"line":2,"column":44}},"2":{"start":{"line":4,"column":0},"end":{"line":4,"column":31}},"3":{"start":{"line":5,"column":0},"end":{"line":5,"column":39}},"4":{"start":{"line":6,"column":0},"end":{"line":6,"column":57}},"5":{"start":{"line":7,"column":0},"end":{"line":7,"column":51}},"6":{"start":{"line":8,"column":0},"end":{"line":8,"column":44}},"7":{"start":{"line":11,"column":13},"end":{"line":11,"column":39}}},"fnMap":{},"branchMap":{},"s":{"0":1,"1":1,"2":1,"3":1,"4":1,"5":1,"6":1,"7":1},"f":{},"b":{}}
}
