TN:
SF:src\dataSources\datasources.ts
FN:4,(anonymous_1)
FNF:1
FNH:1
FNDA:2,(anonymous_1)
DA:1,1
DA:2,1
DA:4,2
LF:3
LH:3
BRF:0
BRH:0
end_of_record
TN:
SF:src\resolvers\resolvers.ts
FN:5,(anonymous_0)
FNF:1
FNH:1
FNDA:2,(anonymous_0)
DA:1,1
DA:2,1
DA:4,1
DA:6,2
DA:12,1
DA:14,1
LF:6
LH:6
BRDA:6,0,0,1
BRDA:6,0,1,1
BRF:2
BRH:2
end_of_record
TN:
SF:src\resolvers\coordinates\query.ts
FN:2,(anonymous_0)
FNF:1
FNH:1
FNDA:2,(anonymous_0)
DA:1,1
DA:3,2
LF:2
LH:2
BRF:0
BRH:0
end_of_record
TN:
SF:src\schema\customScalars.ts
FN:7,(anonymous_0)
FN:17,(anonymous_1)
FNF:2
FNH:2
FNDA:3,(anonymous_0)
FNDA:7,(anonymous_1)
DA:1,2
DA:4,2
DA:8,3
DA:9,1
DA:11,2
DA:12,1
DA:15,1
DA:18,7
DA:19,1
DA:21,6
DA:22,1
DA:25,5
LF:12
LH:12
BRDA:8,0,0,1
BRDA:11,1,0,1
BRDA:18,2,0,1
BRDA:21,3,0,1
BRF:4
BRH:4
end_of_record
TN:
SF:src\schema\schema.ts
FNF:0
FNH:0
DA:1,1
DA:2,1
DA:3,1
DA:5,1
DA:6,1
LF:5
LH:5
BRF:0
BRH:0
end_of_record
TN:
SF:src\services\locationService.ts
FN:10,(anonymous_3)
FN:14,(anonymous_4)
FNF:2
FNH:2
FNDA:5,(anonymous_3)
FNDA:6,(anonymous_4)
DA:1,2
DA:2,2
DA:3,2
DA:5,2
DA:6,2
DA:9,2
DA:10,5
DA:11,5
DA:15,6
DA:16,6
DA:17,6
DA:22,6
DA:24,6
DA:26,6
DA:28,6
DA:29,2
DA:31,2
DA:33,2
DA:39,4
DA:41,4
LF:20
LH:20
BRDA:28,0,0,2
BRDA:28,0,1,4
BRDA:28,1,0,6
BRDA:28,1,1,5
BRDA:28,1,2,3
BRF:5
BRH:5
end_of_record
TN:
SF:src\utils\helpers.ts
FNF:0
FNH:0
DA:1,1
DA:2,1
DA:4,1
DA:5,1
DA:6,1
DA:7,1
DA:8,1
DA:11,1
LF:8
LH:8
BRF:0
BRH:0
end_of_record
